<?xml version="1.0" encoding="utf-8"?><testsuites name="pytest tests"><testsuite name="pytest" errors="0" failures="0" skipped="0" tests="25" time="21.834" timestamp="2026-04-26T20:58:26.070310+00:00" hostname="agent-env-6987afc9-5560-4b78-aa9e-d57aef9af7ae"><testcase classname="tests.test_codemaster_api.TestHealth" name="test_root" time="0.155" /><testcase classname="tests.test_codemaster_api.TestAuth" name="test_login_demo" time="0.370" /><testcase classname="tests.test_codemaster_api.TestAuth" name="test_login_admin" time="0.346" /><testcase classname="tests.test_codemaster_api.TestAuth" name="test_login_invalid" time="0.342" /><testcase classname="tests.test_codemaster_api.TestAuth" name="test_me" time="0.484" /><testcase classname="tests.test_codemaster_api.TestAuth" name="test_register_and_login" time="0.629" /><testcase classname="tests.test_codemaster_api.TestLanguages" name="test_list_languages" time="0.216" /><testcase classname="tests.test_codemaster_api.TestLanguages" name="test_get_python" time="0.108" /><testcase classname="tests.test_codemaster_api.TestCourses" name="test_get_python_base_course" time="0.151" /><testcase classname="tests.test_codemaster_api.TestCourses" name="test_lesson_get_and_complete" time="0.227" /><testcase classname="tests.test_codemaster_api.TestCourses" name="test_quiz_submit" time="0.186" /><testcase classname="tests.test_codemaster_api.TestCourses" name="test_exercise_submit" time="0.295" /><testcase classname="tests.test_codemaster_api.TestPaths" name="test_list_paths" time="0.145" /><testcase classname="tests.test_codemaster_api.TestPaths" name="test_list_projects" time="0.114" /><testcase classname="tests.test_codemaster_api.TestProgressAndProfile" name="test_my_progress" time="0.143" /><testcase classname="tests.test_codemaster_api.TestProgressAndProfile" name="test_leaderboard" time="0.108" /><testcase classname="tests.test_codemaster_api.TestProgressAndProfile" name="test_badges" time="0.104" /><testcase classname="tests.test_codemaster_api.TestProgressAndProfile" name="test_referral" time="0.132" /><testcase classname="tests.test_codemaster_api.TestProgressAndProfile" name="test_certificates" time="0.220" /><testcase classname="tests.test_codemaster_api.TestTutor" name="test_tutor_chat" time="16.324" /><testcase classname="tests.test_codemaster_api.TestBilling" name="test_list_plans" time="0.130" /><testcase classname="tests.test_codemaster_api.TestBilling" name="test_mock_checkout" time="0.169" /><testcase classname="tests.test_codemaster_api.TestAdmin" name="test_admin_stats" time="0.438" /><testcase classname="tests.test_codemaster_api.TestAdmin" name="test_admin_users" time="0.112" /><testcase classname="tests.test_codemaster_api.TestAdmin" name="test_admin_forbidden_for_user" time="0.120" /></testsuite></testsuites>