<?xml version="1.0" encoding="utf-8"?><testsuites name="pytest tests"><testsuite name="pytest" errors="0" failures="1" skipped="0" tests="22" time="31.949" timestamp="2026-04-26T21:45:11.647529+00:00" hostname="agent-env-6987afc9-5560-4b78-aa9e-d57aef9af7ae"><testcase classname="backend.tests.test_codemaster_v2.TestCoupons" name="test_check_valid_coupon" time="0.259" /><testcase classname="backend.tests.test_codemaster_v2.TestCoupons" name="test_check_invalid_coupon" time="0.125" /><testcase classname="backend.tests.test_codemaster_v2.TestCoupons" name="test_check_other_known" time="0.176" /><testcase classname="backend.tests.test_codemaster_v2.TestStripeCheckout" name="test_stripe_checkout_with_coupon" time="0.981" /><testcase classname="backend.tests.test_codemaster_v2.TestStripeCheckout" name="test_stripe_checkout_no_coupon" time="0.569" /><testcase classname="backend.tests.test_codemaster_v2.TestStripeCheckout" name="test_stripe_invalid_plan" time="0.119" /><testcase classname="backend.tests.test_codemaster_v2.TestMissions" name="test_today_missions" time="0.135" /><testcase classname="backend.tests.test_codemaster_v2.TestMissions" name="test_weekly_challenge" time="0.117" /><testcase classname="backend.tests.test_codemaster_v2.TestMissions" name="test_level_me" time="0.116" /><testcase classname="backend.tests.test_codemaster_v2.TestMissions" name="test_lesson_complete_increments_missions" time="5.021" /><testcase classname="backend.tests.test_codemaster_v2.TestRefresh" name="test_refresh_returns_new_token" time="0.175" /><testcase classname="backend.tests.test_codemaster_v2.TestTutorV2" name="test_analyze_code" time="3.557" /><testcase classname="backend.tests.test_codemaster_v2.TestTutorV2" name="test_study_plan" time="14.648" /><testcase classname="backend.tests.test_codemaster_v2.TestLegal" name="test_privacy" time="0.131" /><testcase classname="backend.tests.test_codemaster_v2.TestLegal" name="test_terms" time="0.111" /><testcase classname="backend.tests.test_codemaster_v2.TestAdminAdvanced" name="test_retention" time="0.477" /><testcase classname="backend.tests.test_codemaster_v2.TestAdminAdvanced" name="test_conversion_funnel" time="0.109" /><testcase classname="backend.tests.test_codemaster_v2.TestAdminAdvanced" name="test_admin_lesson_update_and_rbac" time="0.248" /><testcase classname="backend.tests.test_codemaster_v2.TestAdminAdvanced" name="test_admin_create_coupon" time="0.177" /><testcase classname="backend.tests.test_codemaster_v2.TestAdminAdvanced" name="test_admin_update_user_subscription" time="0.301" /><testcase classname="backend.tests.test_codemaster_v2.TestCertificates" name="test_my_certificates" time="0.140" /><testcase classname="backend.tests.test_codemaster_v2.TestRateLimit" name="test_rate_limit_login" time="4.163"><failure message="AssertionError: No 429 received - statuses: [401, 401, 401, 401, 401, 401, 401, 401, 401, 401, 401, 401]&#10;assert 429 in [401, 401, 401, 401, 401, 401, ...]">backend/tests/test_codemaster_v2.py:276: in test_rate_limit_login
    assert 429 in statuses, f"No 429 received - statuses: {statuses}"
E   AssertionError: No 429 received - statuses: [401, 401, 401, 401, 401, 401, 401, 401, 401, 401, 401, 401]
E   assert 429 in [401, 401, 401, 401, 401, 401, ...]</failure></testcase></testsuite></testsuites>